c:\users\dennis hubley\downloads\glframework\sdl_template\x64\debug\vc143.pdb
c:\users\dennis hubley\downloads\glframework\sdl_template\x64\debug\vc143.idb
c:\users\dennis hubley\downloads\glframework\sdl_template\x64\debug\random.obj
c:\users\dennis hubley\downloads\glframework\sdl_template\x64\debug\playscreen.obj
c:\users\dennis hubley\downloads\glframework\sdl_template\x64\debug\player.obj
c:\users\dennis hubley\downloads\glframework\sdl_template\x64\debug\physicsmanager.obj
c:\users\dennis hubley\downloads\glframework\sdl_template\x64\debug\physentity.obj
c:\users\dennis hubley\downloads\glframework\sdl_template\x64\debug\main.obj
c:\users\dennis hubley\downloads\glframework\sdl_template\x64\debug\inputmanager.obj
c:\users\dennis hubley\downloads\glframework\sdl_template\x64\debug\graphics.obj
c:\users\dennis hubley\downloads\glframework\sdl_template\x64\debug\gltexture.obj
c:\users\dennis hubley\downloads\glframework\sdl_template\x64\debug\glgraphics.obj
c:\users\dennis hubley\downloads\glframework\sdl_template\x64\debug\gamemanager.obj
c:\users\dennis hubley\downloads\glframework\sdl_template\x64\debug\gameentity.obj
c:\users\dennis hubley\downloads\glframework\sdl_template\x64\debug\collider.obj
c:\users\dennis hubley\downloads\glframework\sdl_template\x64\debug\circlecollider.obj
c:\users\dennis hubley\downloads\glframework\sdl_template\x64\debug\boxcollider.obj
c:\users\dennis hubley\downloads\glframework\sdl_template\x64\debug\bezierpath.obj
c:\users\dennis hubley\downloads\glframework\sdl_template\x64\debug\audiomanager.obj
c:\users\dennis hubley\downloads\glframework\sdl_template\x64\debug\assetmanager.obj
c:\users\dennis hubley\downloads\glframework\sdl_template\x64\debug\animatedtexture.obj
c:\users\dennis hubley\downloads\glframework\sdl_template\x64\debug\animatedgltexture.obj
c:\users\dennis hubley\downloads\glframework\sdl_template\x64\debug\tinyxml2.obj
c:\users\dennis hubley\downloads\glframework\sdl_template\x64\debug\timer.obj
c:\users\dennis hubley\downloads\glframework\sdl_template\x64\debug\texture.obj
c:\users\dennis hubley\downloads\glframework\sdl_template\x64\debug\startscreen.obj
c:\users\dennis hubley\downloads\glframework\sdl_template\x64\debug\shaderutil.obj
c:\users\dennis hubley\downloads\glframework\sdl_template\x64\debug\screenmanager.obj
c:\users\dennis hubley\downloads\glframework\sdl_template\x64\debug\scoreboard.obj
c:\users\dennis hubley\downloads\glframework\sdl_template\x64\debug\sdlframework.ilk
c:\users\dennis hubley\downloads\glframework\x64\debug\sdlframework.exe
c:\users\dennis hubley\downloads\glframework\x64\debug\sdlframework.pdb
c:\users\dennis hubley\downloads\glframework\sdl_template\x64\debug\sdlframework.tlog\cl.command.1.tlog
c:\users\dennis hubley\downloads\glframework\sdl_template\x64\debug\sdlframework.tlog\cl.read.1.tlog
c:\users\dennis hubley\downloads\glframework\sdl_template\x64\debug\sdlframework.tlog\cl.write.1.tlog
c:\users\dennis hubley\downloads\glframework\sdl_template\x64\debug\sdlframework.tlog\link.command.1.tlog
c:\users\dennis hubley\downloads\glframework\sdl_template\x64\debug\sdlframework.tlog\link.read.1.tlog
c:\users\dennis hubley\downloads\glframework\sdl_template\x64\debug\sdlframework.tlog\link.write.1.tlog
